This is pdfTeX, Version 3.14159265-2.6-1.40.17 (MiKTeX 2.9 64-bit) (preloaded format=pdflatex 2016.12.30)  23 FEB 2017 12:34
entering extended mode
**./oral_prelim.tex
(oral_prelim.tex
LaTeX2e <2016/03/31> patch level 3
Babel <3.9r> and hyphenation patterns for 75 language(s) loaded.

(\\my.files.iastate.edu\Profiles\dcries\AppData\Roaming\MiKTeX\2.9\tex\latex\be
amer\base\beamer.cls
(\\my.files.iastate.edu\Profiles\dcries\AppData\Roaming\MiKTeX\2.9\tex\latex\be
amer\base\beamerbasercs.sty
Package: beamerbasercs 2015/03/08 (rcs-revision 368aa9ba9d38)
)
Document Class: beamer 2015/01/05 3.36 A class for typesetting presentations (r
cs-revision 8a39122e1f63)

(\\my.files.iastate.edu\Profiles\dcries\AppData\Roaming\MiKTeX\2.9\tex\latex\be
amer\base\beamerbasemodes.sty
Package: beamerbasemodes 2013/09/03 (rcs-revision 768f2d98ca64)
\beamer@tempbox=\box26
\beamer@tempcount=\count79
\c@beamerpauses=\count80

(\\my.files.iastate.edu\Profiles\dcries\AppData\Roaming\MiKTeX\2.9\tex\latex\be
amer\base\beamerbasedecode.sty
Package: beamerbasedecode 2010/05/01 (rcs-revision efa082c6111d)
\beamer@slideinframe=\count81
\beamer@minimum=\count82
)
\beamer@commentbox=\box27
\beamer@modecount=\count83
)
("C:\Program Files\MiKTeX 2.9\tex\generic\oberdiek\ifpdf.sty"
Package: ifpdf 2016/05/14 v3.1 Provides the ifpdf switch
)
\headheight=\dimen102
\headdp=\dimen103
\footheight=\dimen104
\sidebarheight=\dimen105
\beamer@tempdim=\dimen106
\beamer@finalheight=\dimen107
\beamer@animht=\dimen108
\beamer@animdp=\dimen109
\beamer@animwd=\dimen110
\beamer@leftmargin=\dimen111
\beamer@rightmargin=\dimen112
\beamer@leftsidebar=\dimen113
\beamer@rightsidebar=\dimen114
\beamer@boxsize=\dimen115
\beamer@vboxoffset=\dimen116
\beamer@descdefault=\dimen117
\beamer@descriptionwidth=\dimen118
\beamer@lastskip=\skip41
\beamer@areabox=\box28
\beamer@animcurrent=\box29
\beamer@animshowbox=\box30
\beamer@sectionbox=\box31
\beamer@logobox=\box32
\beamer@linebox=\box33
\beamer@sectioncount=\count84
\beamer@subsubsectionmax=\count85
\beamer@subsectionmax=\count86
\beamer@sectionmax=\count87
\beamer@totalheads=\count88
\beamer@headcounter=\count89
\beamer@partstartpage=\count90
\beamer@sectionstartpage=\count91
\beamer@subsectionstartpage=\count92
\beamer@animationtempa=\count93
\beamer@animationtempb=\count94
\beamer@xpos=\count95
\beamer@ypos=\count96
\beamer@showpartnumber=\count97
\beamer@currentsubsection=\count98
\beamer@coveringdepth=\count99
\beamer@sectionadjust=\count100
\beamer@tocsectionnumber=\count101

(\\my.files.iastate.edu\Profiles\dcries\AppData\Roaming\MiKTeX\2.9\tex\latex\be
amer\base\beamerbaseoptions.sty
Package: beamerbaseoptions 2013/03/10 (rcs-revision 47431932db0d)

("C:\Program Files\MiKTeX 2.9\tex\latex\graphics\keyval.sty"
Package: keyval 2014/10/28 v1.15 key=value parser (DPC)
\KV@toks@=\toks14
))
\beamer@paperwidth=\skip42
\beamer@paperheight=\skip43

("C:\Program Files\MiKTeX 2.9\tex\latex\geometry\geometry.sty"
Package: geometry 2010/09/12 v5.6 Page Geometry

("C:\Program Files\MiKTeX 2.9\tex\generic\oberdiek\ifvtex.sty"
Package: ifvtex 2016/05/16 v1.6 Detect VTeX and its facilities (HO)
Package ifvtex Info: VTeX not detected.
)
("C:\Program Files\MiKTeX 2.9\tex\generic\ifxetex\ifxetex.sty"
Package: ifxetex 2010/09/12 v0.6 Provides ifxetex conditional
)
\Gm@cnth=\count102
\Gm@cntv=\count103
\c@Gm@tempcnt=\count104
\Gm@bindingoffset=\dimen119
\Gm@wd@mp=\dimen120
\Gm@odd@mp=\dimen121
\Gm@even@mp=\dimen122
\Gm@layoutwidth=\dimen123
\Gm@layoutheight=\dimen124
\Gm@layouthoffset=\dimen125
\Gm@layoutvoffset=\dimen126
\Gm@dimlist=\toks15

("C:\Program Files\MiKTeX 2.9\tex\latex\geometry\geometry.cfg"))
("C:\Program Files\MiKTeX 2.9\tex\latex\base\size11.clo"
File: size11.clo 2014/09/29 v1.4h Standard LaTeX file (size option)
)
(\\my.files.iastate.edu\Profiles\dcries\AppData\Roaming\MiKTeX\2.9\tex\latex\pg
f\basiclayer\pgfcore.sty
("C:\Program Files\MiKTeX 2.9\tex\latex\graphics\graphicx.sty"
Package: graphicx 2014/10/28 v1.0g Enhanced LaTeX Graphics (DPC,SPQR)

("C:\Program Files\MiKTeX 2.9\tex\latex\graphics\graphics.sty"
Package: graphics 2016/07/10 v1.0t Standard LaTeX Graphics (DPC,SPQR)

("C:\Program Files\MiKTeX 2.9\tex\latex\graphics\trig.sty"
Package: trig 2016/01/03 v1.10 sin cos tan (DPC)
)
("C:\Program Files\MiKTeX 2.9\tex\latex\00miktex\graphics.cfg"
File: graphics.cfg 2016/06/04 v1.11 sample graphics configuration
)
Package graphics Info: Driver file: pdftex.def on input line 99.

("C:\Program Files\MiKTeX 2.9\tex\latex\graphics-def\pdftex.def"
File: pdftex.def 2016/07/10 v0.06j Graphics/color for pdfTeX

("C:\Program Files\MiKTeX 2.9\tex\generic\oberdiek\infwarerr.sty"
Package: infwarerr 2016/05/16 v1.4 Providing info/warning/error messages (HO)
)
("C:\Program Files\MiKTeX 2.9\tex\generic\oberdiek\ltxcmds.sty"
Package: ltxcmds 2016/05/16 v1.23 LaTeX kernel commands for general use (HO)
)
\Gread@gobject=\count105
))
\Gin@req@height=\dimen127
\Gin@req@width=\dimen128
)
(\\my.files.iastate.edu\Profiles\dcries\AppData\Roaming\MiKTeX\2.9\tex\latex\pg
f\systemlayer\pgfsys.sty
(\\my.files.iastate.edu\Profiles\dcries\AppData\Roaming\MiKTeX\2.9\tex\latex\pg
f\utilities\pgfrcs.sty
(\\my.files.iastate.edu\Profiles\dcries\AppData\Roaming\MiKTeX\2.9\tex\generic\
pgf\utilities\pgfutil-common.tex
\pgfutil@everybye=\toks16
\pgfutil@tempdima=\dimen129
\pgfutil@tempdimb=\dimen130

(\\my.files.iastate.edu\Profiles\dcries\AppData\Roaming\MiKTeX\2.9\tex\generic\
pgf\utilities\pgfutil-common-lists.tex))
(\\my.files.iastate.edu\Profiles\dcries\AppData\Roaming\MiKTeX\2.9\tex\generic\
pgf\utilities\pgfutil-latex.def
\pgfutil@abb=\box34

(\\my.files.iastate.edu\Profiles\dcries\AppData\Roaming\MiKTeX\2.9\tex\latex\ms
\everyshi.sty
Package: everyshi 2001/05/15 v3.00 EveryShipout Package (MS)
))
(\\my.files.iastate.edu\Profiles\dcries\AppData\Roaming\MiKTeX\2.9\tex\generic\
pgf\utilities\pgfrcs.code.tex
Package: pgfrcs 2015/08/07 v3.0.1a (rcs-revision 1.31)
))
(\\my.files.iastate.edu\Profiles\dcries\AppData\Roaming\MiKTeX\2.9\tex\generic\
pgf\systemlayer\pgfsys.code.tex
Package: pgfsys 2014/07/09 v3.0.1a (rcs-revision 1.48)

(\\my.files.iastate.edu\Profiles\dcries\AppData\Roaming\MiKTeX\2.9\tex\generic\
pgf\utilities\pgfkeys.code.tex
\pgfkeys@pathtoks=\toks17
\pgfkeys@temptoks=\toks18

(\\my.files.iastate.edu\Profiles\dcries\AppData\Roaming\MiKTeX\2.9\tex\generic\
pgf\utilities\pgfkeysfiltered.code.tex
\pgfkeys@tmptoks=\toks19
))
\pgf@x=\dimen131
\pgf@y=\dimen132
\pgf@xa=\dimen133
\pgf@ya=\dimen134
\pgf@xb=\dimen135
\pgf@yb=\dimen136
\pgf@xc=\dimen137
\pgf@yc=\dimen138
\w@pgf@writea=\write3
\r@pgf@reada=\read1
\c@pgf@counta=\count106
\c@pgf@countb=\count107
\c@pgf@countc=\count108
\c@pgf@countd=\count109
\t@pgf@toka=\toks20
\t@pgf@tokb=\toks21
\t@pgf@tokc=\toks22

(\\my.files.iastate.edu\Profiles\dcries\AppData\Roaming\MiKTeX\2.9\tex\generic\
pgf\systemlayer\pgf.cfg
File: pgf.cfg 2008/05/14  (rcs-revision 1.7)
)
Driver file for pgf: pgfsys-pdftex.def

(\\my.files.iastate.edu\Profiles\dcries\AppData\Roaming\MiKTeX\2.9\tex\generic\
pgf\systemlayer\pgfsys-pdftex.def
File: pgfsys-pdftex.def 2014/10/11  (rcs-revision 1.35)

(\\my.files.iastate.edu\Profiles\dcries\AppData\Roaming\MiKTeX\2.9\tex\generic\
pgf\systemlayer\pgfsys-common-pdf.def
File: pgfsys-common-pdf.def 2013/10/10  (rcs-revision 1.13)
)))
(\\my.files.iastate.edu\Profiles\dcries\AppData\Roaming\MiKTeX\2.9\tex\generic\
pgf\systemlayer\pgfsyssoftpath.code.tex
File: pgfsyssoftpath.code.tex 2013/09/09  (rcs-revision 1.9)
\pgfsyssoftpath@smallbuffer@items=\count110
\pgfsyssoftpath@bigbuffer@items=\count111
)
(\\my.files.iastate.edu\Profiles\dcries\AppData\Roaming\MiKTeX\2.9\tex\generic\
pgf\systemlayer\pgfsysprotocol.code.tex
File: pgfsysprotocol.code.tex 2006/10/16  (rcs-revision 1.4)
))
(\\my.files.iastate.edu\Profiles\dcries\AppData\Roaming\MiKTeX\2.9\tex\latex\xc
olor\xcolor.sty
Package: xcolor 2016/05/11 v2.12 LaTeX color extensions (UK)
 ("C:\Program Files\MiKTeX 2.9\tex\latex\00miktex\color.cfg"
File: color.cfg 2016/01/02 v1.6 sample color configuration
)
Package xcolor Info: Driver file: pdftex.def on input line 225.
Package xcolor Info: Model `cmy' substituted by `cmy0' on input line 1348.
Package xcolor Info: Model `hsb' substituted by `rgb' on input line 1352.
Package xcolor Info: Model `RGB' extended on input line 1364.
Package xcolor Info: Model `HTML' substituted by `rgb' on input line 1366.
Package xcolor Info: Model `Hsb' substituted by `hsb' on input line 1367.
Package xcolor Info: Model `tHsb' substituted by `hsb' on input line 1368.
Package xcolor Info: Model `HSB' substituted by `hsb' on input line 1369.
Package xcolor Info: Model `Gray' substituted by `gray' on input line 1370.
Package xcolor Info: Model `wave' substituted by `hsb' on input line 1371.
)
(\\my.files.iastate.edu\Profiles\dcries\AppData\Roaming\MiKTeX\2.9\tex\generic\
pgf\basiclayer\pgfcore.code.tex
Package: pgfcore 2010/04/11 v3.0.1a (rcs-revision 1.7)

(\\my.files.iastate.edu\Profiles\dcries\AppData\Roaming\MiKTeX\2.9\tex\generic\
pgf\math\pgfmath.code.tex
(\\my.files.iastate.edu\Profiles\dcries\AppData\Roaming\MiKTeX\2.9\tex\generic\
pgf\math\pgfmathcalc.code.tex
(\\my.files.iastate.edu\Profiles\dcries\AppData\Roaming\MiKTeX\2.9\tex\generic\
pgf\math\pgfmathutil.code.tex)
(\\my.files.iastate.edu\Profiles\dcries\AppData\Roaming\MiKTeX\2.9\tex\generic\
pgf\math\pgfmathparser.code.tex
\pgfmath@dimen=\dimen139
\pgfmath@count=\count112
\pgfmath@box=\box35
\pgfmath@toks=\toks23
\pgfmath@stack@operand=\toks24
\pgfmath@stack@operation=\toks25
)
(\\my.files.iastate.edu\Profiles\dcries\AppData\Roaming\MiKTeX\2.9\tex\generic\
pgf\math\pgfmathfunctions.code.tex
(\\my.files.iastate.edu\Profiles\dcries\AppData\Roaming\MiKTeX\2.9\tex\generic\
pgf\math\pgfmathfunctions.basic.code.tex)
(\\my.files.iastate.edu\Profiles\dcries\AppData\Roaming\MiKTeX\2.9\tex\generic\
pgf\math\pgfmathfunctions.trigonometric.code.tex)
(\\my.files.iastate.edu\Profiles\dcries\AppData\Roaming\MiKTeX\2.9\tex\generic\
pgf\math\pgfmathfunctions.random.code.tex)
(\\my.files.iastate.edu\Profiles\dcries\AppData\Roaming\MiKTeX\2.9\tex\generic\
pgf\math\pgfmathfunctions.comparison.code.tex)
(\\my.files.iastate.edu\Profiles\dcries\AppData\Roaming\MiKTeX\2.9\tex\generic\
pgf\math\pgfmathfunctions.base.code.tex)
(\\my.files.iastate.edu\Profiles\dcries\AppData\Roaming\MiKTeX\2.9\tex\generic\
pgf\math\pgfmathfunctions.round.code.tex)
(\\my.files.iastate.edu\Profiles\dcries\AppData\Roaming\MiKTeX\2.9\tex\generic\
pgf\math\pgfmathfunctions.misc.code.tex)
(\\my.files.iastate.edu\Profiles\dcries\AppData\Roaming\MiKTeX\2.9\tex\generic\
pgf\math\pgfmathfunctions.integerarithmetics.code.tex)))
(\\my.files.iastate.edu\Profiles\dcries\AppData\Roaming\MiKTeX\2.9\tex\generic\
pgf\math\pgfmathfloat.code.tex
\c@pgfmathroundto@lastzeros=\count113
))
(\\my.files.iastate.edu\Profiles\dcries\AppData\Roaming\MiKTeX\2.9\tex\generic\
pgf\basiclayer\pgfcorepoints.code.tex
File: pgfcorepoints.code.tex 2013/10/07  (rcs-revision 1.27)
\pgf@picminx=\dimen140
\pgf@picmaxx=\dimen141
\pgf@picminy=\dimen142
\pgf@picmaxy=\dimen143
\pgf@pathminx=\dimen144
\pgf@pathmaxx=\dimen145
\pgf@pathminy=\dimen146
\pgf@pathmaxy=\dimen147
\pgf@xx=\dimen148
\pgf@xy=\dimen149
\pgf@yx=\dimen150
\pgf@yy=\dimen151
\pgf@zx=\dimen152
\pgf@zy=\dimen153
)
(\\my.files.iastate.edu\Profiles\dcries\AppData\Roaming\MiKTeX\2.9\tex\generic\
pgf\basiclayer\pgfcorepathconstruct.code.tex
File: pgfcorepathconstruct.code.tex 2013/10/07  (rcs-revision 1.29)
\pgf@path@lastx=\dimen154
\pgf@path@lasty=\dimen155
)
(\\my.files.iastate.edu\Profiles\dcries\AppData\Roaming\MiKTeX\2.9\tex\generic\
pgf\basiclayer\pgfcorepathusage.code.tex
File: pgfcorepathusage.code.tex 2014/11/02  (rcs-revision 1.24)
\pgf@shorten@end@additional=\dimen156
\pgf@shorten@start@additional=\dimen157
)
(\\my.files.iastate.edu\Profiles\dcries\AppData\Roaming\MiKTeX\2.9\tex\generic\
pgf\basiclayer\pgfcorescopes.code.tex
File: pgfcorescopes.code.tex 2015/05/08  (rcs-revision 1.46)
\pgfpic=\box36
\pgf@hbox=\box37
\pgf@layerbox@main=\box38
\pgf@picture@serial@count=\count114
)
(\\my.files.iastate.edu\Profiles\dcries\AppData\Roaming\MiKTeX\2.9\tex\generic\
pgf\basiclayer\pgfcoregraphicstate.code.tex
File: pgfcoregraphicstate.code.tex 2014/11/02  (rcs-revision 1.12)
\pgflinewidth=\dimen158
)
(\\my.files.iastate.edu\Profiles\dcries\AppData\Roaming\MiKTeX\2.9\tex\generic\
pgf\basiclayer\pgfcoretransformations.code.tex
File: pgfcoretransformations.code.tex 2015/08/07  (rcs-revision 1.20)
\pgf@pt@x=\dimen159
\pgf@pt@y=\dimen160
\pgf@pt@temp=\dimen161
)
(\\my.files.iastate.edu\Profiles\dcries\AppData\Roaming\MiKTeX\2.9\tex\generic\
pgf\basiclayer\pgfcorequick.code.tex
File: pgfcorequick.code.tex 2008/10/09  (rcs-revision 1.3)
)
(\\my.files.iastate.edu\Profiles\dcries\AppData\Roaming\MiKTeX\2.9\tex\generic\
pgf\basiclayer\pgfcoreobjects.code.tex
File: pgfcoreobjects.code.tex 2006/10/11  (rcs-revision 1.2)
)
(\\my.files.iastate.edu\Profiles\dcries\AppData\Roaming\MiKTeX\2.9\tex\generic\
pgf\basiclayer\pgfcorepathprocessing.code.tex
File: pgfcorepathprocessing.code.tex 2013/09/09  (rcs-revision 1.9)
)
(\\my.files.iastate.edu\Profiles\dcries\AppData\Roaming\MiKTeX\2.9\tex\generic\
pgf\basiclayer\pgfcorearrows.code.tex
File: pgfcorearrows.code.tex 2015/05/14  (rcs-revision 1.43)
\pgfarrowsep=\dimen162
)
(\\my.files.iastate.edu\Profiles\dcries\AppData\Roaming\MiKTeX\2.9\tex\generic\
pgf\basiclayer\pgfcoreshade.code.tex
File: pgfcoreshade.code.tex 2013/07/15  (rcs-revision 1.15)
\pgf@max=\dimen163
\pgf@sys@shading@range@num=\count115
)
(\\my.files.iastate.edu\Profiles\dcries\AppData\Roaming\MiKTeX\2.9\tex\generic\
pgf\basiclayer\pgfcoreimage.code.tex
File: pgfcoreimage.code.tex 2013/07/15  (rcs-revision 1.18)

(\\my.files.iastate.edu\Profiles\dcries\AppData\Roaming\MiKTeX\2.9\tex\generic\
pgf\basiclayer\pgfcoreexternal.code.tex
File: pgfcoreexternal.code.tex 2014/07/09  (rcs-revision 1.21)
\pgfexternal@startupbox=\box39
))
(\\my.files.iastate.edu\Profiles\dcries\AppData\Roaming\MiKTeX\2.9\tex\generic\
pgf\basiclayer\pgfcorelayers.code.tex
File: pgfcorelayers.code.tex 2013/07/18  (rcs-revision 1.7)
)
(\\my.files.iastate.edu\Profiles\dcries\AppData\Roaming\MiKTeX\2.9\tex\generic\
pgf\basiclayer\pgfcoretransparency.code.tex
File: pgfcoretransparency.code.tex 2013/09/30  (rcs-revision 1.5)
)
(\\my.files.iastate.edu\Profiles\dcries\AppData\Roaming\MiKTeX\2.9\tex\generic\
pgf\basiclayer\pgfcorepatterns.code.tex
File: pgfcorepatterns.code.tex 2013/11/07  (rcs-revision 1.5)
)))
(\\my.files.iastate.edu\Profiles\dcries\AppData\Roaming\MiKTeX\2.9\tex\latex\pg
f\utilities\xxcolor.sty
Package: xxcolor 2003/10/24 ver 0.1
\XC@nummixins=\count116
\XC@countmixins=\count117
)
("C:\Program Files\MiKTeX 2.9\tex\generic\oberdiek\atbegshi.sty"
Package: atbegshi 2016/06/09 v1.18 At begin shipout hook (HO)
)
("C:\Program Files\MiKTeX 2.9\tex\latex\hyperref\hyperref.sty"
Package: hyperref 2016/06/24 v6.83q Hypertext links for LaTeX

("C:\Program Files\MiKTeX 2.9\tex\generic\oberdiek\hobsub-hyperref.sty"
Package: hobsub-hyperref 2016/05/16 v1.14 Bundle oberdiek, subset hyperref (HO)


("C:\Program Files\MiKTeX 2.9\tex\generic\oberdiek\hobsub-generic.sty"
Package: hobsub-generic 2016/05/16 v1.14 Bundle oberdiek, subset generic (HO)
Package: hobsub 2016/05/16 v1.14 Construct package bundles (HO)
Package hobsub Info: Skipping package `infwarerr' (already loaded).
Package hobsub Info: Skipping package `ltxcmds' (already loaded).
Package: ifluatex 2016/05/16 v1.4 Provides the ifluatex switch (HO)
Package ifluatex Info: LuaTeX not detected.
Package hobsub Info: Skipping package `ifvtex' (already loaded).
Package: intcalc 2016/05/16 v1.2 Expandable calculations with integers (HO)
Package hobsub Info: Skipping package `ifpdf' (already loaded).
Package: etexcmds 2016/05/16 v1.6 Avoid name clashes with e-TeX commands (HO)
Package etexcmds Info: Could not find \expanded.
(etexcmds)             That can mean that you are not using pdfTeX 1.50 or
(etexcmds)             that some package has redefined \expanded.
(etexcmds)             In the latter case, load this package earlier.
Package: kvsetkeys 2016/05/16 v1.17 Key value parser (HO)
Package: kvdefinekeys 2016/05/16 v1.4 Define keys (HO)
Package: pdftexcmds 2016/05/21 v0.22 Utility functions of pdfTeX for LuaTeX (HO
)
Package pdftexcmds Info: LuaTeX not detected.
Package pdftexcmds Info: \pdf@primitive is available.
Package pdftexcmds Info: \pdf@ifprimitive is available.
Package pdftexcmds Info: \pdfdraftmode found.
Package: pdfescape 2016/05/16 v1.14 Implements pdfTeX's escape features (HO)
Package: bigintcalc 2016/05/16 v1.4 Expandable calculations on big integers (HO
)
Package: bitset 2016/05/16 v1.2 Handle bit-vector datatype (HO)
Package: uniquecounter 2016/05/16 v1.3 Provide unlimited unique counter (HO)
)
Package hobsub Info: Skipping package `hobsub' (already loaded).
Package: letltxmacro 2016/05/16 v1.5 Let assignment for LaTeX macros (HO)
Package: hopatch 2016/05/16 v1.3 Wrapper for package hooks (HO)
Package: xcolor-patch 2016/05/16 xcolor patch
Package: atveryend 2016/05/16 v1.9 Hooks at the very end of document (HO)
Package atveryend Info: \enddocument detected (standard20110627).
Package hobsub Info: Skipping package `atbegshi' (already loaded).
Package: refcount 2016/05/16 v3.5 Data extraction from label references (HO)
Package: hycolor 2016/05/16 v1.8 Color options for hyperref/bookmark (HO)
)
("C:\Program Files\MiKTeX 2.9\tex\latex\oberdiek\auxhook.sty"
Package: auxhook 2016/05/16 v1.4 Hooks for auxiliary files (HO)
)
("C:\Program Files\MiKTeX 2.9\tex\latex\oberdiek\kvoptions.sty"
Package: kvoptions 2016/05/16 v3.12 Key value format for package options (HO)
)
\@linkdim=\dimen164
\Hy@linkcounter=\count118
\Hy@pagecounter=\count119

("C:\Program Files\MiKTeX 2.9\tex\latex\hyperref\pd1enc.def"
File: pd1enc.def 2016/06/24 v6.83q Hyperref: PDFDocEncoding definition (HO)
)
\Hy@SavedSpaceFactor=\count120

("C:\Program Files\MiKTeX 2.9\tex\latex\00miktex\hyperref.cfg"
File: hyperref.cfg 2002/06/06 v1.2 hyperref configuration of TeXLive
)
Package hyperref Info: Option `bookmarks' set `true' on input line 4362.
Package hyperref Info: Option `bookmarksopen' set `true' on input line 4362.
Package hyperref Info: Option `implicit' set `false' on input line 4362.
Package hyperref Info: Hyper figures OFF on input line 4486.
Package hyperref Info: Link nesting OFF on input line 4491.
Package hyperref Info: Hyper index ON on input line 4494.
Package hyperref Info: Plain pages OFF on input line 4501.
Package hyperref Info: Backreferencing OFF on input line 4506.
Package hyperref Info: Implicit mode OFF; no redefinition of LaTeX internals.
Package hyperref Info: Bookmarks ON on input line 4735.
\c@Hy@tempcnt=\count121

(\\my.files.iastate.edu\Profiles\dcries\AppData\Roaming\MiKTeX\2.9\tex\latex\ur
l\url.sty
\Urlmuskip=\muskip10
Package: url 2013/09/16  ver 3.4  Verb mode for urls, etc.
)
LaTeX Info: Redefining \url on input line 5088.
\XeTeXLinkMargin=\dimen165
\Fld@menulength=\count122
\Field@Width=\dimen166
\Fld@charsize=\dimen167
Package hyperref Info: Hyper figures OFF on input line 6342.
Package hyperref Info: Link nesting OFF on input line 6347.
Package hyperref Info: Hyper index ON on input line 6350.
Package hyperref Info: backreferencing OFF on input line 6357.
Package hyperref Info: Link coloring OFF on input line 6362.
Package hyperref Info: Link coloring with OCG OFF on input line 6367.
Package hyperref Info: PDF/A mode OFF on input line 6372.
LaTeX Info: Redefining \ref on input line 6412.
LaTeX Info: Redefining \pageref on input line 6416.
\Hy@abspage=\count123


Package hyperref Message: Stopped early.

)

Package hyperref Message: Driver (autodetected): hpdftex.

("C:\Program Files\MiKTeX 2.9\tex\latex\hyperref\hpdftex.def"
File: hpdftex.def 2016/06/24 v6.83q Hyperref driver for pdfTeX
\Fld@listcount=\count124
\c@bookmark@seq@number=\count125

("C:\Program Files\MiKTeX 2.9\tex\latex\oberdiek\rerunfilecheck.sty"
Package: rerunfilecheck 2016/05/16 v1.8 Rerun checks for auxiliary files (HO)
Package uniquecounter Info: New unique counter `rerunfilecheck' on input line 2
82.
))
(\\my.files.iastate.edu\Profiles\dcries\AppData\Roaming\MiKTeX\2.9\tex\latex\be
amer\base\beamerbaserequires.sty
Package: beamerbaserequires 2010/05/01  (rcs-revision efa082c6111d)

(\\my.files.iastate.edu\Profiles\dcries\AppData\Roaming\MiKTeX\2.9\tex\latex\be
amer\base\beamerbasecompatibility.sty
Package: beamerbasecompatibility 2012/05/01  (rcs-revision 67c48b3b652d)
)
(\\my.files.iastate.edu\Profiles\dcries\AppData\Roaming\MiKTeX\2.9\tex\latex\be
amer\base\beamerbasefont.sty
Package: beamerbasefont 2015/01/05  (rcs-revision b4b4bee242e2)

("C:\Program Files\MiKTeX 2.9\tex\latex\amsfonts\amssymb.sty"
Package: amssymb 2013/01/14 v3.01 AMS font symbols

("C:\Program Files\MiKTeX 2.9\tex\latex\amsfonts\amsfonts.sty"
Package: amsfonts 2013/01/14 v3.01 Basic AMSFonts support
\@emptytoks=\toks26
\symAMSa=\mathgroup4
\symAMSb=\mathgroup5
LaTeX Font Info:    Overwriting math alphabet `\mathfrak' in version `bold'
(Font)                  U/euf/m/n --> U/euf/b/n on input line 106.
))
(\\my.files.iastate.edu\Profiles\dcries\AppData\Roaming\MiKTeX\2.9\tex\latex\sa
nsmathaccent\sansmathaccent.sty
Package: sansmathaccent 2013/03/28

(\\my.files.iastate.edu\Profiles\dcries\AppData\Roaming\MiKTeX\2.9\tex\latex\fi
lehook\filehook.sty
Package: filehook 2011/10/12 v0.5d Hooks for input files
)))
(\\my.files.iastate.edu\Profiles\dcries\AppData\Roaming\MiKTeX\2.9\tex\latex\be
amer\base\beamerbasetranslator.sty
Package: beamerbasetranslator 2010/06/11  (rcs-revision 85fd1cc7fc42)

(\\my.files.iastate.edu\Profiles\dcries\AppData\Roaming\MiKTeX\2.9\tex\latex\be
amer\base\translator\translator.sty
Package: translator 2010/06/12 ver 1.10

(\\my.files.iastate.edu\Profiles\dcries\AppData\Roaming\MiKTeX\2.9\tex\latex\be
amer\base\translator\translator-language-mappings.tex)))
(\\my.files.iastate.edu\Profiles\dcries\AppData\Roaming\MiKTeX\2.9\tex\latex\be
amer\base\beamerbasemisc.sty
Package: beamerbasemisc 2013/09/03  (rcs-revision a55719c41d85)
)
(\\my.files.iastate.edu\Profiles\dcries\AppData\Roaming\MiKTeX\2.9\tex\latex\be
amer\base\beamerbasetwoscreens.sty
Package: beamerbasetwoscreens 2010/05/01  (rcs-revision efa082c6111d)
)
(\\my.files.iastate.edu\Profiles\dcries\AppData\Roaming\MiKTeX\2.9\tex\latex\be
amer\base\beamerbaseoverlay.sty
Package: beamerbaseoverlay 2013/12/25  (rcs-revision f6bd5e3805da)
\beamer@argscount=\count126
\beamer@lastskipcover=\skip44
\beamer@trivlistdepth=\count127
)
(\\my.files.iastate.edu\Profiles\dcries\AppData\Roaming\MiKTeX\2.9\tex\latex\be
amer\base\beamerbasetitle.sty
Package: beamerbasetitle 2010/09/21  (rcs-revision f0446ed0b6ae)
)
(\\my.files.iastate.edu\Profiles\dcries\AppData\Roaming\MiKTeX\2.9\tex\latex\be
amer\base\beamerbasesection.sty
Package: beamerbasesection 2013/06/07  (rcs-revision 60b9fe0f342f)
\c@lecture=\count128
\c@part=\count129
\c@section=\count130
\c@subsection=\count131
\c@subsubsection=\count132
)
(\\my.files.iastate.edu\Profiles\dcries\AppData\Roaming\MiKTeX\2.9\tex\latex\be
amer\base\beamerbaseframe.sty
Package: beamerbaseframe 2014/02/20  (rcs-revision 4b8ceeeff434)
\beamer@framebox=\box40
\beamer@frametitlebox=\box41
\beamer@zoombox=\box42
\beamer@zoomcount=\count133
\beamer@zoomframecount=\count134
\beamer@frametextheight=\dimen168
\c@subsectionslide=\count135
\beamer@frametopskip=\skip45
\beamer@framebottomskip=\skip46
\beamer@frametopskipautobreak=\skip47
\beamer@framebottomskipautobreak=\skip48
\beamer@envbody=\toks27
\framewidth=\dimen169
\c@framenumber=\count136
)
(\\my.files.iastate.edu\Profiles\dcries\AppData\Roaming\MiKTeX\2.9\tex\latex\be
amer\base\beamerbaseverbatim.sty
Package: beamerbaseverbatim 2015/01/05  (rcs-revision 431510bb5890)
\beamer@verbatimfileout=\write4
)
(\\my.files.iastate.edu\Profiles\dcries\AppData\Roaming\MiKTeX\2.9\tex\latex\be
amer\base\beamerbaseframesize.sty
Package: beamerbaseframesize 2011/09/12  (rcs-revision 70f9d8411e54)
\beamer@splitbox=\box43
\beamer@autobreakcount=\count137
\beamer@autobreaklastheight=\dimen170
\beamer@frametitletoks=\toks28
\beamer@framesubtitletoks=\toks29
)
(\\my.files.iastate.edu\Profiles\dcries\AppData\Roaming\MiKTeX\2.9\tex\latex\be
amer\base\beamerbaseframecomponents.sty
Package: beamerbaseframecomponents 2013/10/18  (rcs-revision 5cf6c5555a45)
\beamer@footins=\box44
)
(\\my.files.iastate.edu\Profiles\dcries\AppData\Roaming\MiKTeX\2.9\tex\latex\be
amer\base\beamerbasecolor.sty
Package: beamerbasecolor 2015/02/21  (rcs-revision d944b04ee2d5)
)
(\\my.files.iastate.edu\Profiles\dcries\AppData\Roaming\MiKTeX\2.9\tex\latex\be
amer\base\beamerbasenotes.sty
Package: beamerbasenotes 2012/12/19  (rcs-revision 1686da3db3c9)
\beamer@frameboxcopy=\box45
)
(\\my.files.iastate.edu\Profiles\dcries\AppData\Roaming\MiKTeX\2.9\tex\latex\be
amer\base\beamerbasetoc.sty
Package: beamerbasetoc 2015/03/08  (rcs-revision 7270298bbaae)
)
(\\my.files.iastate.edu\Profiles\dcries\AppData\Roaming\MiKTeX\2.9\tex\latex\be
amer\base\beamerbasetemplates.sty
Package: beamerbasetemplates 2010/05/01  (rcs-revision efa082c6111d)
\beamer@sbttoks=\toks30

(\\my.files.iastate.edu\Profiles\dcries\AppData\Roaming\MiKTeX\2.9\tex\latex\be
amer\base\beamerbaseauxtemplates.sty
Package: beamerbaseauxtemplates 2014/06/30  (rcs-revision 580088513a67)

(\\my.files.iastate.edu\Profiles\dcries\AppData\Roaming\MiKTeX\2.9\tex\latex\be
amer\base\beamerbaseboxes.sty
Package: beamerbaseboxes 2012/05/13  (rcs-revision 56972908a390)
\bmb@box=\box46
\bmb@colorbox=\box47
\bmb@boxshadow=\box48
\bmb@boxshadowball=\box49
\bmb@boxshadowballlarge=\box50
\bmb@temp=\dimen171
\bmb@dima=\dimen172
\bmb@dimb=\dimen173
\bmb@prevheight=\dimen174
)
\beamer@blockheadheight=\dimen175
))
(\\my.files.iastate.edu\Profiles\dcries\AppData\Roaming\MiKTeX\2.9\tex\latex\be
amer\base\beamerbaselocalstructure.sty
Package: beamerbaselocalstructure 2014/09/10  (rcs-revision 393f6dcff371)

("C:\Program Files\MiKTeX 2.9\tex\latex\tools\enumerate.sty"
Package: enumerate 2015/07/23 v3.00 enumerate extensions (DPC)
\@enLab=\toks31
)
\c@figure=\count138
\c@table=\count139
\abovecaptionskip=\skip49
\belowcaptionskip=\skip50
)
(\\my.files.iastate.edu\Profiles\dcries\AppData\Roaming\MiKTeX\2.9\tex\latex\be
amer\base\beamerbasenavigation.sty
Package: beamerbasenavigation 2015/02/27  (rcs-revision 923f4bf87efa)
\beamer@section@min@dim=\dimen176
)
(\\my.files.iastate.edu\Profiles\dcries\AppData\Roaming\MiKTeX\2.9\tex\latex\be
amer\base\beamerbasetheorems.sty
Package: beamerbasetheorems 2010/06/06  (rcs-revision 7e7cc5e53e9d)

("C:\Program Files\MiKTeX 2.9\tex\latex\amsmath\amsmath.sty"
Package: amsmath 2016/06/28 v2.15d AMS math features
\@mathmargin=\skip51

For additional information on amsmath, use the `?' option.
("C:\Program Files\MiKTeX 2.9\tex\latex\amsmath\amstext.sty"
Package: amstext 2000/06/29 v2.01 AMS text

("C:\Program Files\MiKTeX 2.9\tex\latex\amsmath\amsgen.sty"
File: amsgen.sty 1999/11/30 v2.0 generic functions
\@emptytoks=\toks32
\ex@=\dimen177
))
("C:\Program Files\MiKTeX 2.9\tex\latex\amsmath\amsbsy.sty"
Package: amsbsy 1999/11/29 v1.2d Bold Symbols
\pmbraise@=\dimen178
)
("C:\Program Files\MiKTeX 2.9\tex\latex\amsmath\amsopn.sty"
Package: amsopn 2016/03/08 v2.02 operator names
)
\inf@bad=\count140
LaTeX Info: Redefining \frac on input line 199.
\uproot@=\count141
\leftroot@=\count142
LaTeX Info: Redefining \overline on input line 297.
\classnum@=\count143
\DOTSCASE@=\count144
LaTeX Info: Redefining \ldots on input line 394.
LaTeX Info: Redefining \dots on input line 397.
LaTeX Info: Redefining \cdots on input line 518.
\Mathstrutbox@=\box51
\strutbox@=\box52
\big@size=\dimen179
LaTeX Font Info:    Redeclaring font encoding OML on input line 634.
LaTeX Font Info:    Redeclaring font encoding OMS on input line 635.
\macc@depth=\count145
\c@MaxMatrixCols=\count146
\dotsspace@=\muskip11
\c@parentequation=\count147
\dspbrk@lvl=\count148
\tag@help=\toks33
\row@=\count149
\column@=\count150
\maxfields@=\count151
\andhelp@=\toks34
\eqnshift@=\dimen180
\alignsep@=\dimen181
\tagshift@=\dimen182
\tagwidth@=\dimen183
\totwidth@=\dimen184
\lineht@=\dimen185
\@envbody=\toks35
\multlinegap=\skip52
\multlinetaggap=\skip53
\mathdisplay@stack=\toks36
LaTeX Info: Redefining \[ on input line 2739.
LaTeX Info: Redefining \] on input line 2740.
)
("C:\Program Files\MiKTeX 2.9\tex\latex\amscls\amsthm.sty"
Package: amsthm 2015/03/04 v2.20.2
\thm@style=\toks37
\thm@bodyfont=\toks38
\thm@headfont=\toks39
\thm@notefont=\toks40
\thm@headpunct=\toks41
\thm@preskip=\skip54
\thm@postskip=\skip55
\thm@headsep=\skip56
\dth@everypar=\toks42
)
\c@theorem=\count152
)
(\\my.files.iastate.edu\Profiles\dcries\AppData\Roaming\MiKTeX\2.9\tex\latex\be
amer\base\beamerbasethemes.sty
Package: beamerbasethemes 2010/05/01  (rcs-revision efa082c6111d)
))
(\\my.files.iastate.edu\Profiles\dcries\AppData\Roaming\MiKTeX\2.9\tex\latex\be
amer\base\themes\theme\beamerthemedefault.sty
Package: beamerthemedefault 2010/06/17  (rcs-revision d02a7cf4d8ae)

(\\my.files.iastate.edu\Profiles\dcries\AppData\Roaming\MiKTeX\2.9\tex\latex\be
amer\base\themes\font\beamerfontthemedefault.sty
Package: beamerfontthemedefault 2012/12/19  (rcs-revision 1686da3db3c9)
)
(\\my.files.iastate.edu\Profiles\dcries\AppData\Roaming\MiKTeX\2.9\tex\latex\be
amer\base\themes\color\beamercolorthemedefault.sty
Package: beamercolorthemedefault 2012/12/19  (rcs-revision 1686da3db3c9)
)
(\\my.files.iastate.edu\Profiles\dcries\AppData\Roaming\MiKTeX\2.9\tex\latex\be
amer\base\themes\inner\beamerinnerthemedefault.sty
Package: beamerinnerthemedefault 2014/06/30  (rcs-revision 580088513a67)
\beamer@dima=\dimen186
\beamer@dimb=\dimen187
)
(\\my.files.iastate.edu\Profiles\dcries\AppData\Roaming\MiKTeX\2.9\tex\latex\be
amer\base\themes\outer\beamerouterthemedefault.sty
Package: beamerouterthemedefault 2012/12/19  (rcs-revision 1686da3db3c9)
)))
(\\my.files.iastate.edu\Profiles\dcries\AppData\Roaming\MiKTeX\2.9\tex\latex\fr
amed\framed.sty
Package: framed 2011/10/22 v 0.96: framed or shaded text with page breaks
\OuterFrameSep=\skip57
\fb@frw=\dimen188
\fb@frh=\dimen189
\FrameRule=\dimen190
\FrameSep=\dimen191
) ("C:\Program Files\MiKTeX 2.9\tex\latex\base\alltt.sty"
Package: alltt 1997/06/16 v2.0g defines alltt environment
)
(\\my.files.iastate.edu\Profiles\dcries\AppData\Roaming\MiKTeX\2.9\tex\latex\be
amer\base\themes\theme\beamerthemeAnnArbor.sty
Package: beamerthemeAnnArbor 2010/06/17  (rcs-revision d02a7cf4d8ae)

(\\my.files.iastate.edu\Profiles\dcries\AppData\Roaming\MiKTeX\2.9\tex\latex\be
amer\base\themes\inner\beamerinnerthemerounded.sty
Package: beamerinnerthemerounded 2010/06/17  (rcs-revision d02a7cf4d8ae)
)
(\\my.files.iastate.edu\Profiles\dcries\AppData\Roaming\MiKTeX\2.9\tex\latex\be
amer\base\themes\outer\beamerouterthemeinfolines.sty
Package: beamerouterthemeinfolines 2012/10/16  (rcs-revision 51a8c72084af)
)
(\\my.files.iastate.edu\Profiles\dcries\AppData\Roaming\MiKTeX\2.9\tex\latex\be
amer\base\themes\color\beamercolorthemewolverine.sty
Package: beamercolorthemewolverine 2010/06/17  (rcs-revision d02a7cf4d8ae)
))
(\\my.files.iastate.edu\Profiles\dcries\AppData\Roaming\MiKTeX\2.9\tex\latex\be
amer\base\themes\color\beamercolorthemebeaver.sty
Package: beamercolorthemebeaver 2010/06/17  (rcs-revision d02a7cf4d8ae)
)
(\\my.files.iastate.edu\Profiles\dcries\AppData\Roaming\MiKTeX\2.9\tex\latex\ca
ption\caption.sty
Package: caption 2016/02/21 v3.3-144 Customizing captions (AR)

(\\my.files.iastate.edu\Profiles\dcries\AppData\Roaming\MiKTeX\2.9\tex\latex\ca
ption\caption3.sty
Package: caption3 2016/05/22 v1.7-166 caption3 kernel (AR)
Package caption3 Info: TeX engine: e-TeX on input line 67.
\captionmargin=\dimen192
\captionmargin@=\dimen193
\captionwidth=\dimen194
\caption@tempdima=\dimen195
\caption@indent=\dimen196
\caption@parindent=\dimen197
\caption@hangindent=\dimen198
)
\c@ContinuedFloat=\count153
Package caption Info: beamer document class.
Package caption Info: hyperref package is loaded.
Package caption Info: Hyperref support is turned off
(caption)             because hyperref has stopped early.
)
(\\my.files.iastate.edu\Profiles\dcries\AppData\Roaming\MiKTeX\2.9\tex\latex\ul
em\ulem.sty
\UL@box=\box53
\UL@hyphenbox=\box54
\UL@skip=\skip58
\UL@hook=\toks43
\UL@height=\dimen199
\UL@pe=\count154
\UL@pixel=\dimen256
\ULC@box=\box55
Package: ulem 2012/05/18
\ULdepth=\dimen257
) ("C:\Program Files\MiKTeX 2.9\tex\latex\tools\multicol.sty"
Package: multicol 2016/04/07 v1.8p multicolumn formatting (FMi)
\c@tracingmulticols=\count155
\mult@box=\box56
\multicol@leftmargin=\dimen258
\c@unbalance=\count156
\c@collectmore=\count157
\doublecol@number=\count158
\multicoltolerance=\count159
\multicolpretolerance=\count160
\full@width=\dimen259
\page@free=\dimen260
\premulticols=\dimen261
\postmulticols=\dimen262
\multicolsep=\skip59
\multicolbaselineskip=\skip60
\partial@page=\box57
\last@line=\box58
\maxbalancingoverflow=\dimen263
\mult@rightbox=\box59
\mult@grightbox=\box60
\mult@gfirstbox=\box61
\mult@firstbox=\box62
\@tempa=\box63
\@tempa=\box64
\@tempa=\box65
\@tempa=\box66
\@tempa=\box67
\@tempa=\box68
\@tempa=\box69
\@tempa=\box70
\@tempa=\box71
\@tempa=\box72
\@tempa=\box73
\@tempa=\box74
\@tempa=\box75
\@tempa=\box76
\@tempa=\box77
\@tempa=\box78
\@tempa=\box79
\c@columnbadness=\count161
\c@finalcolumnbadness=\count162
\last@try=\dimen264
\multicolovershoot=\dimen265
\multicolundershoot=\dimen266
\mult@nat@firstbox=\box80
\colbreak@box=\box81
\mc@col@check@num=\count163
)
(\\my.files.iastate.edu\Profiles\dcries\AppData\Roaming\MiKTeX\2.9\tex\latex\up
quote\upquote.sty
Package: upquote 2012/04/19 v1.3 upright-quote and grave-accent glyphs in verba
tim
) (oral_prelim.aux)
\openout1 = `oral_prelim.aux'.

LaTeX Font Info:    Checking defaults for OML/cmm/m/it on input line 78.
LaTeX Font Info:    ... okay on input line 78.
LaTeX Font Info:    Checking defaults for T1/cmr/m/n on input line 78.
LaTeX Font Info:    ... okay on input line 78.
LaTeX Font Info:    Checking defaults for OT1/cmr/m/n on input line 78.
LaTeX Font Info:    ... okay on input line 78.
LaTeX Font Info:    Checking defaults for OMS/cmsy/m/n on input line 78.
LaTeX Font Info:    ... okay on input line 78.
LaTeX Font Info:    Checking defaults for OMX/cmex/m/n on input line 78.
LaTeX Font Info:    ... okay on input line 78.
LaTeX Font Info:    Checking defaults for U/cmr/m/n on input line 78.
LaTeX Font Info:    ... okay on input line 78.
LaTeX Font Info:    Checking defaults for PD1/pdf/m/n on input line 78.
LaTeX Font Info:    ... okay on input line 78.

*geometry* driver: auto-detecting
*geometry* detected driver: pdftex
*geometry* verbose mode - [ preamble ] result:
* driver: pdftex
* paper: custom
* layout: <same size as paper>
* layoutoffset:(h,v)=(0.0pt,0.0pt)
* modes: includehead includefoot 
* h-part:(L,W,R)=(10.95003pt, 342.2953pt, 10.95003pt)
* v-part:(T,H,B)=(0.0pt, 273.14662pt, 0.0pt)
* \paperwidth=364.19536pt
* \paperheight=273.14662pt
* \textwidth=342.2953pt
* \textheight=244.6939pt
* \oddsidemargin=-61.31996pt
* \evensidemargin=-61.31996pt
* \topmargin=-72.26999pt
* \headheight=14.22636pt
* \headsep=0.0pt
* \topskip=11.0pt
* \footskip=14.22636pt
* \marginparwidth=4.0pt
* \marginparsep=10.0pt
* \columnsep=10.0pt
* \skip\footins=10.0pt plus 4.0pt minus 2.0pt
* \hoffset=0.0pt
* \voffset=0.0pt
* \mag=1000
* \@twocolumnfalse
* \@twosidefalse
* \@mparswitchfalse
* \@reversemarginfalse
* (1in=72.27pt=25.4mm, 1cm=28.453pt)


(\\my.files.iastate.edu\Profiles\dcries\AppData\Roaming\MiKTeX\2.9\tex\context\
base\supp-pdf.mkii
[Loading MPS to PDF converter (version 2006.09.02).]
\scratchcounter=\count164
\scratchdimen=\dimen267
\scratchbox=\box82
\nofMPsegments=\count165
\nofMParguments=\count166
\everyMPshowfont=\toks44
\MPscratchCnt=\count167
\MPscratchDim=\dimen268
\MPnumerator=\count168
\makeMPintoPDFobject=\count169
\everyMPtoPDFconversion=\toks45
) ("C:\Program Files\MiKTeX 2.9\tex\latex\oberdiek\epstopdf-base.sty"
Package: epstopdf-base 2016/05/15 v2.6 Base part for package epstopdf

("C:\Program Files\MiKTeX 2.9\tex\latex\oberdiek\grfext.sty"
Package: grfext 2016/05/16 v1.2 Manage graphics extensions (HO)
)
Package epstopdf-base Info: Redefining graphics rule for `.eps' on input line 4
38.
Package grfext Info: Graphics extension search list:
(grfext)             [.png,.pdf,.jpg,.mps,.jpeg,.jbig2,.jb2,.PNG,.PDF,.JPG,.JPE
G,.JBIG2,.JB2,.eps]
(grfext)             \AppendGraphicsExtensions on input line 456.
)
ABD: EveryShipout initializing macros
\AtBeginShipoutBox=\box83
Package hyperref Info: Link coloring OFF on input line 78.

("C:\Program Files\MiKTeX 2.9\tex\latex\hyperref\nameref.sty"
Package: nameref 2016/05/21 v2.44 Cross-referencing by name of section

("C:\Program Files\MiKTeX 2.9\tex\generic\oberdiek\gettitlestring.sty"
Package: gettitlestring 2016/05/16 v1.5 Cleanup title references (HO)
)
\c@section@level=\count170
)
LaTeX Info: Redefining \ref on input line 78.
LaTeX Info: Redefining \pageref on input line 78.
LaTeX Info: Redefining \nameref on input line 78.

(oral_prelim.out) (oral_prelim.out)
\@outlinefile=\write5
\openout5 = `oral_prelim.out'.

LaTeX Font Info:    Overwriting symbol font `operators' in version `normal'
(Font)                  OT1/cmr/m/n --> OT1/cmss/m/n on input line 78.
LaTeX Font Info:    Overwriting symbol font `operators' in version `bold'
(Font)                  OT1/cmr/bx/n --> OT1/cmss/bx/n on input line 78.
\symnumbers=\mathgroup6
\sympureletters=\mathgroup7
LaTeX Font Info:    Overwriting math alphabet `\mathrm' in version `normal'
(Font)                  OT1/cmss/m/n --> OT1/cmr/m/n on input line 78.
LaTeX Font Info:    Redeclaring math alphabet \mathbf on input line 78.
LaTeX Font Info:    Overwriting math alphabet `\mathbf' in version `normal'
(Font)                  OT1/cmr/bx/n --> OT1/cmss/bx/n on input line 78.
LaTeX Font Info:    Overwriting math alphabet `\mathbf' in version `bold'
(Font)                  OT1/cmr/bx/n --> OT1/cmss/bx/n on input line 78.
LaTeX Font Info:    Redeclaring math alphabet \mathsf on input line 78.
LaTeX Font Info:    Overwriting math alphabet `\mathsf' in version `normal'
(Font)                  OT1/cmss/m/n --> OT1/cmss/m/n on input line 78.
LaTeX Font Info:    Overwriting math alphabet `\mathsf' in version `bold'
(Font)                  OT1/cmss/bx/n --> OT1/cmss/m/n on input line 78.
LaTeX Font Info:    Redeclaring math alphabet \mathit on input line 78.
LaTeX Font Info:    Overwriting math alphabet `\mathit' in version `normal'
(Font)                  OT1/cmr/m/it --> OT1/cmss/m/it on input line 78.
LaTeX Font Info:    Overwriting math alphabet `\mathit' in version `bold'
(Font)                  OT1/cmr/bx/it --> OT1/cmss/m/it on input line 78.
LaTeX Font Info:    Redeclaring math alphabet \mathtt on input line 78.
LaTeX Font Info:    Overwriting math alphabet `\mathtt' in version `normal'
(Font)                  OT1/cmtt/m/n --> OT1/cmtt/m/n on input line 78.
LaTeX Font Info:    Overwriting math alphabet `\mathtt' in version `bold'
(Font)                  OT1/cmtt/m/n --> OT1/cmtt/m/n on input line 78.
LaTeX Font Info:    Overwriting symbol font `numbers' in version `bold'
(Font)                  OT1/cmss/m/n --> OT1/cmss/bx/n on input line 78.
LaTeX Font Info:    Overwriting symbol font `pureletters' in version `bold'
(Font)                  OT1/cmss/m/it --> OT1/cmss/bx/it on input line 78.
LaTeX Font Info:    Overwriting math alphabet `\mathrm' in version `bold'
(Font)                  OT1/cmss/bx/n --> OT1/cmr/bx/n on input line 78.
LaTeX Font Info:    Overwriting math alphabet `\mathbf' in version `bold'
(Font)                  OT1/cmss/bx/n --> OT1/cmss/bx/n on input line 78.
LaTeX Font Info:    Overwriting math alphabet `\mathsf' in version `bold'
(Font)                  OT1/cmss/m/n --> OT1/cmss/bx/n on input line 78.
LaTeX Font Info:    Overwriting math alphabet `\mathit' in version `bold'
(Font)                  OT1/cmss/m/it --> OT1/cmss/bx/it on input line 78.
LaTeX Font Info:    Overwriting math alphabet `\mathtt' in version `bold'
(Font)                  OT1/cmtt/m/n --> OT1/cmtt/bx/n on input line 78.
LaTeX Font Info:    Redeclaring symbol font `pureletters' on input line 78.
LaTeX Font Info:    Overwriting symbol font `pureletters' in version `normal'
(Font)                  OT1/cmss/m/it --> OT1/mathkerncmss/m/sl on input line 7
8.
LaTeX Font Info:    Overwriting symbol font `pureletters' in version `bold'
(Font)                  OT1/cmss/bx/it --> OT1/mathkerncmss/m/sl on input line 
78.
LaTeX Font Info:    Overwriting symbol font `pureletters' in version `bold'
(Font)                  OT1/mathkerncmss/m/sl --> OT1/mathkerncmss/bx/sl on inp
ut line 78.

(\\my.files.iastate.edu\Profiles\dcries\AppData\Roaming\MiKTeX\2.9\tex\latex\be
amer\base\translator\dicts\translator-basic-dictionary\translator-basic-diction
ary-English.dict
Dictionary: translator-basic-dictionary, Language: English 
)
(\\my.files.iastate.edu\Profiles\dcries\AppData\Roaming\MiKTeX\2.9\tex\latex\be
amer\base\translator\dicts\translator-bibliography-dictionary\translator-biblio
graphy-dictionary-English.dict
Dictionary: translator-bibliography-dictionary, Language: English 
)
(\\my.files.iastate.edu\Profiles\dcries\AppData\Roaming\MiKTeX\2.9\tex\latex\be
amer\base\translator\dicts\translator-environment-dictionary\translator-environ
ment-dictionary-English.dict
Dictionary: translator-environment-dictionary, Language: English 
)
(\\my.files.iastate.edu\Profiles\dcries\AppData\Roaming\MiKTeX\2.9\tex\latex\be
amer\base\translator\dicts\translator-months-dictionary\translator-months-dicti
onary-English.dict
Dictionary: translator-months-dictionary, Language: English 
)
(\\my.files.iastate.edu\Profiles\dcries\AppData\Roaming\MiKTeX\2.9\tex\latex\be
amer\base\translator\dicts\translator-numbers-dictionary\translator-numbers-dic
tionary-English.dict
Dictionary: translator-numbers-dictionary, Language: English 
)
(\\my.files.iastate.edu\Profiles\dcries\AppData\Roaming\MiKTeX\2.9\tex\latex\be
amer\base\translator\dicts\translator-theorem-dictionary\translator-theorem-dic
tionary-English.dict
Dictionary: translator-theorem-dictionary, Language: English 
)
LaTeX Info: Redefining \includegraphics on input line 78.
Package caption Info: Begin \AtBeginDocument code.
Package caption Info: End \AtBeginDocument code.
 (oral_prelim.nav)
Overfull \hbox (27.08015pt too wide) in paragraph at lines 78--78
 [][][][]  
 []


LaTeX Font Warning: Font shape `OT1/cmss/m/n' in size <4> not available
(Font)              size <5> substituted on input line 88.


Overfull \hbox (27.08015pt too wide) has occurred while \output is active
 [][][][]  
 []

[1

{C:/Users/dcries/AppData/Local/MiKTeX/2.9/pdftex/config/pdftex.map}]
Overfull \hbox (27.08015pt too wide) has occurred while \output is active
 [][][][]  
 []

[2

]
Overfull \hbox (27.08015pt too wide) has occurred while \output is active
 [][][][]  
 []

[3

]
Overfull \hbox (27.08015pt too wide) has occurred while \output is active
 [][][][]  
 []

[4

]
Overfull \hbox (27.08015pt too wide) has occurred while \output is active
 [][][][]  
 []

[5

]
LaTeX Font Info:    Try loading font information for U+msa on input line 202.
 ("C:\Program Files\MiKTeX 2.9\tex\latex\amsfonts\umsa.fd"
File: umsa.fd 2013/01/14 v3.01 AMS symbols A
)
LaTeX Font Info:    Try loading font information for U+msb on input line 202.

("C:\Program Files\MiKTeX 2.9\tex\latex\amsfonts\umsb.fd"
File: umsb.fd 2013/01/14 v3.01 AMS symbols B
)
LaTeX Font Info:    Try loading font information for OT1+mathkerncmss on input 
line 202.

(\\my.files.iastate.edu\Profiles\dcries\AppData\Roaming\MiKTeX\2.9\tex\latex\sa
nsmathaccent\ot1mathkerncmss.fd
File: ot1mathkerncmss.fd 2013/03/27 Fontinst v1.933 font definitions for OT1/ma
thkerncmss.
)
Overfull \hbox (27.08015pt too wide) has occurred while \output is active
 [][][][]  
 []

[6

]
Overfull \hbox (27.08015pt too wide) has occurred while \output is active
 [][][][]  
 []

[7

]
Overfull \hbox (27.08015pt too wide) has occurred while \output is active
 [][][][]  
 []

[8

]
Overfull \hbox (27.08015pt too wide) has occurred while \output is active
 [][][][]  
 []

[9

]
Overfull \hbox (27.08015pt too wide) has occurred while \output is active
 [][][][]  
 []

[10

]
Overfull \hbox (27.08015pt too wide) has occurred while \output is active
 [][][][]  
 []

[11

]
Overfull \hbox (27.08015pt too wide) has occurred while \output is active
 [][][][]  
 []

[12

]
Overfull \hbox (27.08015pt too wide) has occurred while \output is active
 [][][][]  
 []

[13

]
Overfull \hbox (27.08015pt too wide) has occurred while \output is active
 [][][][]  
 []

[14

]
Overfull \hbox (27.08015pt too wide) has occurred while \output is active
 [][][][]  
 []

[15

]
Overfull \hbox (27.08015pt too wide) has occurred while \output is active
 [][][][]  
 []

[16

]
Overfull \hbox (27.08015pt too wide) has occurred while \output is active
 [][][][]  
 []

[17

]
Overfull \hbox (27.08015pt too wide) has occurred while \output is active
 [][][][]  
 []

[18

]
Overfull \hbox (27.08015pt too wide) has occurred while \output is active
 [][][][]  
 []

[19

]
LaTeX Font Info:    Try loading font information for OMS+cmss on input line 638
.
LaTeX Font Info:    No file OMScmss.fd. on input line 638.


LaTeX Font Warning: Font shape `OMS/cmss/m/n' undefined
(Font)              using `OMS/cmsy/m/n' instead
(Font)              for symbol `textbraceleft' on input line 638.


Overfull \hbox (27.08015pt too wide) has occurred while \output is active
 [][][][]  
 []

[20

]
Overfull \hbox (27.08015pt too wide) has occurred while \output is active
 [][][][]  
 []

[21

]
Overfull \hbox (27.08015pt too wide) has occurred while \output is active
 [][][][]  
 []

[22

]
Overfull \hbox (27.08015pt too wide) has occurred while \output is active
 [][][][]  
 []

[23

]
Overfull \vbox (25.56126pt too high) detected at line 764
 []


Overfull \hbox (27.08015pt too wide) has occurred while \output is active
 [][][][]  
 []

[24

]
Overfull \hbox (27.08015pt too wide) has occurred while \output is active
 [][][][]  
 []

[25

]
Overfull \hbox (36.7625pt too wide) in paragraph at lines 857--857
 [] 
 []


Overfull \hbox (124.05725pt too wide) in paragraph at lines 857--857
 [][] 
 []


Overfull \hbox (122.57993pt too wide) in paragraph at lines 857--857
 [][] 
 []


Overfull \vbox (2.82542pt too high) detected at line 857
 []


Overfull \hbox (27.08015pt too wide) has occurred while \output is active
 [][][][]  
 []

[26

]
Overfull \vbox (19.38644pt too high) detected at line 906
 []


Overfull \hbox (27.08015pt too wide) has occurred while \output is active
 [][][][]  
 []

[27

] <predbvnsx.pdf, id=310, 578.16pt x 289.08pt>
File: predbvnsx.pdf Graphic file (type pdf)
 <use predbvnsx.pdf>
Package pdftex.def Info: predbvnsx.pdf used on input line 915.
(pdftex.def)             Requested size: 341.42903pt x 170.71451pt.

Overfull \hbox (27.08015pt too wide) has occurred while \output is active
 [][][][]  
 []

[28

 <./predbvnsx.pdf>]
Overfull \hbox (27.08015pt too wide) has occurred while \output is active
 [][][][]  
 []

[29

]
Overfull \hbox (27.08015pt too wide) has occurred while \output is active
 [][][][]  
 []

[30

]
Overfull \hbox (27.08015pt too wide) has occurred while \output is active
 [][][][]  
 []

[31

] <studydesign.png, id=354, 946.28531pt x 618.81187pt>
File: studydesign.png Graphic file (type png)

<use studydesign.png>
Package pdftex.def Info: studydesign.png used on input line 1039.
(pdftex.def)             Requested size: 227.61848pt x 170.71672pt.

Overfull \hbox (27.08015pt too wide) has occurred while \output is active
 [][][][]  
 []

[32

 <./studydesign.png>]
Overfull \hbox (27.08015pt too wide) has occurred while \output is active
 [][][][]  
 []

[33

]
Overfull \hbox (27.08015pt too wide) has occurred while \output is active
 [][][][]  
 []

[34

]
Overfull \hbox (27.08015pt too wide) has occurred while \output is active
 [][][][]  
 []

[35

]
\tf@nav=\write6
\openout6 = `oral_prelim.nav'.

\tf@toc=\write7
\openout7 = `oral_prelim.toc'.

\tf@snm=\write8
\openout8 = `oral_prelim.snm'.

Package atveryend Info: Empty hook `BeforeClearDocument' on input line 1396.
Package atveryend Info: Empty hook `AfterLastShipout' on input line 1396.
 (oral_prelim.aux)
Package atveryend Info: Executing hook `AtVeryEndDocument' on input line 1396.
Package atveryend Info: Executing hook `AtEndAfterFileList' on input line 1396.

Package rerunfilecheck Info: File `oral_prelim.out' has not changed.
(rerunfilecheck)             Checksum: 96445A22FB7BF306F78997A5D66303F3;725.


LaTeX Font Warning: Size substitutions with differences
(Font)              up to 1.0pt have occurred.


LaTeX Font Warning: Some font shapes were not available, defaults substituted.

Package atveryend Info: Empty hook `AtVeryVeryEnd' on input line 1396.
 ) 
Here is how much of TeX's memory you used:
 18352 strings out of 493334
 358220 string characters out of 3139179
 452089 words of memory out of 3000000
 21351 multiletter control sequences out of 15000+200000
 20622 words of font info for 68 fonts, out of 3000000 for 9000
 1141 hyphenation exceptions out of 8191
 56i,17n,57p,470b,600s stack positions out of 5000i,500n,10000p,200000b,50000s
 <C:\Users\dcries\AppData\Local\MiKTeX\2.9\fonts\pk\ljfour\jknappen\ec\dpi600
\ecso0800.pk><C:/Program Files/MiKTeX 2.9/fonts/type1/public/amsfonts/cmextra/c
mbsy8.pfb><C:/Program Files/MiKTeX 2.9/fonts/type1/public/amsfonts/cm/cmex10.pf
b><C:/Program Files/MiKTeX 2.9/fonts/type1/public/amsfonts/cm/cmmi10.pfb><C:/Pr
ogram Files/MiKTeX 2.9/fonts/type1/public/amsfonts/cm/cmmi8.pfb><C:/Program Fil
es/MiKTeX 2.9/fonts/type1/public/amsfonts/cm/cmmib10.pfb><C:/Program Files/MiKT
eX 2.9/fonts/type1/public/amsfonts/cm/cmss10.pfb><C:/Program Files/MiKTeX 2.9/f
onts/type1/public/amsfonts/cm/cmss12.pfb><C:/Program Files/MiKTeX 2.9/fonts/typ
e1/public/amsfonts/cm/cmss17.pfb><C:/Program Files/MiKTeX 2.9/fonts/type1/publi
c/amsfonts/cm/cmss8.pfb><C:/Program Files/MiKTeX 2.9/fonts/type1/public/amsfont
s/cm/cmss9.pfb><C:/Program Files/MiKTeX 2.9/fonts/type1/public/amsfonts/cm/cmss
bx10.pfb><C:/Program Files/MiKTeX 2.9/fonts/type1/public/amsfonts/cm/cmssi10.pf
b><C:/Program Files/MiKTeX 2.9/fonts/type1/public/amsfonts/cm/cmssi8.pfb><C:/Pr
ogram Files/MiKTeX 2.9/fonts/type1/public/amsfonts/cm/cmsy10.pfb><C:/Program Fi
les/MiKTeX 2.9/fonts/type1/public/amsfonts/cm/cmsy6.pfb><C:/Program Files/MiKTe
X 2.9/fonts/type1/public/amsfonts/cm/cmsy8.pfb><C:/Program Files/MiKTeX 2.9/fon
ts/type1/public/amsfonts/cm/cmtt10.pfb>
Output written on oral_prelim.pdf (35 pages, 1959036 bytes).
PDF statistics:
 468 PDF objects out of 1000 (max. 8388607)
 86 named destinations out of 1000 (max. 500000)
 179 words of extra memory for PDF output out of 10000 (max. 10000000)

